22:41:29 **** Incremental Build of configuration Debug for project STM32F334R8_Program ****
make -j8 all 
arm-none-eabi-gcc "../Core/Src/main.c" -mcpu=cortex-m4 -std=gnu11 -g3 -DDEBUG -DUSE_HAL_DRIVER -DSTM32F334x8 -c -I../Core/Inc -I../Drivers/STM32F3xx_HAL_Driver/Inc -I../Drivers/STM32F3xx_HAL_Driver/Inc/Legacy -I../Drivers/CMSIS/Device/ST/STM32F3xx/Include -I../Drivers/CMSIS/Include -O0 -ffunction-sections -fdata-sections -Wall -fstack-usage -MMD -MP -MF"Core/Src/main.d" -MT"Core/Src/main.o" --specs=nano.specs -mfpu=fpv4-sp-d16 -mfloat-abi=hard -mthumb -o "Core/Src/main.o"
arm-none-eabi-gcc "../Core/Src/menu.c" -mcpu=cortex-m4 -std=gnu11 -g3 -DDEBUG -DUSE_HAL_DRIVER -DSTM32F334x8 -c -I../Core/Inc -I../Drivers/STM32F3xx_HAL_Driver/Inc -I../Drivers/STM32F3xx_HAL_Driver/Inc/Legacy -I../Drivers/CMSIS/Device/ST/STM32F3xx/Include -I../Drivers/CMSIS/Include -O0 -ffunction-sections -fdata-sections -Wall -fstack-usage -MMD -MP -MF"Core/Src/menu.d" -MT"Core/Src/menu.o" --specs=nano.specs -mfpu=fpv4-sp-d16 -mfloat-abi=hard -mthumb -o "Core/Src/menu.o"
arm-none-eabi-gcc "../Core/Src/menu_callbacks.c" -mcpu=cortex-m4 -std=gnu11 -g3 -DDEBUG -DUSE_HAL_DRIVER -DSTM32F334x8 -c -I../Core/Inc -I../Drivers/STM32F3xx_HAL_Driver/Inc -I../Drivers/STM32F3xx_HAL_Driver/Inc/Legacy -I../Drivers/CMSIS/Device/ST/STM32F3xx/Include -I../Drivers/CMSIS/Include -O0 -ffunction-sections -fdata-sections -Wall -fstack-usage -MMD -MP -MF"Core/Src/menu_callbacks.d" -MT"Core/Src/menu_callbacks.o" --specs=nano.specs -mfpu=fpv4-sp-d16 -mfloat-abi=hard -mthumb -o "Core/Src/menu_callbacks.o"
arm-none-eabi-gcc "../Core/Src/servo.c" -mcpu=cortex-m4 -std=gnu11 -g3 -DDEBUG -DUSE_HAL_DRIVER -DSTM32F334x8 -c -I../Core/Inc -I../Drivers/STM32F3xx_HAL_Driver/Inc -I../Drivers/STM32F3xx_HAL_Driver/Inc/Legacy -I../Drivers/CMSIS/Device/ST/STM32F3xx/Include -I../Drivers/CMSIS/Include -O0 -ffunction-sections -fdata-sections -Wall -fstack-usage -MMD -MP -MF"Core/Src/servo.d" -MT"Core/Src/servo.o" --specs=nano.specs -mfpu=fpv4-sp-d16 -mfloat-abi=hard -mthumb -o "Core/Src/servo.o"
arm-none-eabi-gcc "../Core/Src/stm32f3xx_hal_msp.c" -mcpu=cortex-m4 -std=gnu11 -g3 -DDEBUG -DUSE_HAL_DRIVER -DSTM32F334x8 -c -I../Core/Inc -I../Drivers/STM32F3xx_HAL_Driver/Inc -I../Drivers/STM32F3xx_HAL_Driver/Inc/Legacy -I../Drivers/CMSIS/Device/ST/STM32F3xx/Include -I../Drivers/CMSIS/Include -O0 -ffunction-sections -fdata-sections -Wall -fstack-usage -MMD -MP -MF"Core/Src/stm32f3xx_hal_msp.d" -MT"Core/Src/stm32f3xx_hal_msp.o" --specs=nano.specs -mfpu=fpv4-sp-d16 -mfloat-abi=hard -mthumb -o "Core/Src/stm32f3xx_hal_msp.o"
arm-none-eabi-gcc "../Core/Src/stm32f3xx_it.c" -mcpu=cortex-m4 -std=gnu11 -g3 -DDEBUG -DUSE_HAL_DRIVER -DSTM32F334x8 -c -I../Core/Inc -I../Drivers/STM32F3xx_HAL_Driver/Inc -I../Drivers/STM32F3xx_HAL_Driver/Inc/Legacy -I../Drivers/CMSIS/Device/ST/STM32F3xx/Include -I../Drivers/CMSIS/Include -O0 -ffunction-sections -fdata-sections -Wall -fstack-usage -MMD -MP -MF"Core/Src/stm32f3xx_it.d" -MT"Core/Src/stm32f3xx_it.o" --specs=nano.specs -mfpu=fpv4-sp-d16 -mfloat-abi=hard -mthumb -o "Core/Src/stm32f3xx_it.o"
arm-none-eabi-gcc "../Core/Src/system_stm32f3xx.c" -mcpu=cortex-m4 -std=gnu11 -g3 -DDEBUG -DUSE_HAL_DRIVER -DSTM32F334x8 -c -I../Core/Inc -I../Drivers/STM32F3xx_HAL_Driver/Inc -I../Drivers/STM32F3xx_HAL_Driver/Inc/Legacy -I../Drivers/CMSIS/Device/ST/STM32F3xx/Include -I../Drivers/CMSIS/Include -O0 -ffunction-sections -fdata-sections -Wall -fstack-usage -MMD -MP -MF"Core/Src/system_stm32f3xx.d" -MT"Core/Src/system_stm32f3xx.o" --specs=nano.specs -mfpu=fpv4-sp-d16 -mfloat-abi=hard -mthumb -o "Core/Src/system_stm32f3xx.o"
arm-none-eabi-gcc "../Core/Src/tim.c" -mcpu=cortex-m4 -std=gnu11 -g3 -DDEBUG -DUSE_HAL_DRIVER -DSTM32F334x8 -c -I../Core/Inc -I../Drivers/STM32F3xx_HAL_Driver/Inc -I../Drivers/STM32F3xx_HAL_Driver/Inc/Legacy -I../Drivers/CMSIS/Device/ST/STM32F3xx/Include -I../Drivers/CMSIS/Include -O0 -ffunction-sections -fdata-sections -Wall -fstack-usage -MMD -MP -MF"Core/Src/tim.d" -MT"Core/Src/tim.o" --specs=nano.specs -mfpu=fpv4-sp-d16 -mfloat-abi=hard -mthumb -o "Core/Src/tim.o"
In file included from ../Core/Src/menu_callbacks.c:4:
../Core/Inc/menu.h:19:26: warning: 'struct lcd_disp' declared inside parameter list will not be visible outside of this definition or declaration
   19 | void menu_refresh(struct lcd_disp *);
      |                          ^~~~~~~~
../Core/Src/menu.c:26:61: warning: initialization of 'void (*)(menu_t *)' {aka 'void (*)(struct menu_struct *)'} from incompatible pointer type 'void (*)(menu_t **)' {aka 'void (*)(struct menu_struct **)'} [-Wincompatible-pointer-types]
   26 |  menu_t sub_menu1_1 = { "goback", NULL, NULL, NULL, &menu1, go_back };
      |                                                             ^~~~~~~
../Core/Src/menu.c:26:61: note: (near initialization for 'sub_menu1_1.menu_function')
../Core/Src/menu.c:31:77: warning: initialization of 'void (*)(menu_t *)' {aka 'void (*)(struct menu_struct *)'} from incompatible pointer type 'void (*)(menu_t **)' {aka 'void (*)(struct menu_struct **)'} [-Wincompatible-pointer-types]
   31 |  menu_t sub_menu2_4 = { "goback", &sub_menu2_1, &sub_menu2_3, NULL, &menu2, go_back };
      |                                                                             ^~~~~~~
../Core/Src/menu.c:31:77: note: (near initialization for 'sub_menu2_4.menu_function')
../Core/Src/menu.c: In function 'menu_enter':
../Core/Src/menu.c:88:35: warning: passing argument 1 of 'currentPointer->menu_function' from incompatible pointer type [-Wincompatible-pointer-types]
   88 |     currentPointer->menu_function(&currentPointer);
      |                                   ^~~~~~~~~~~~~~~
      |                                   |
      |                                   menu_t ** {aka struct menu_struct **}
../Core/Src/menu.c:88:35: note: expected 'menu_t *' {aka 'struct menu_struct *'} but argument is of type 'menu_t **' {aka 'struct menu_struct **'}
arm-none-eabi-gcc "../Core/Src/usart.c" -mcpu=cortex-m4 -std=gnu11 -g3 -DDEBUG -DUSE_HAL_DRIVER -DSTM32F334x8 -c -I../Core/Inc -I../Drivers/STM32F3xx_HAL_Driver/Inc -I../Drivers/STM32F3xx_HAL_Driver/Inc/Legacy -I../Drivers/CMSIS/Device/ST/STM32F3xx/Include -I../Drivers/CMSIS/Include -O0 -ffunction-sections -fdata-sections -Wall -fstack-usage -MMD -MP -MF"Core/Src/usart.d" -MT"Core/Src/usart.o" --specs=nano.specs -mfpu=fpv4-sp-d16 -mfloat-abi=hard -mthumb -o "Core/Src/usart.o"
arm-none-eabi-gcc -o "STM32F334R8_Program.elf" @"objects.list"   -mcpu=cortex-m4 -T"/home/dawid/Desktop/Programing and other/GITHUB/STM32_Usefull_Codes/STM32F334R8_Program/STM32F334R8TX_FLASH.ld" --specs=nosys.specs -Wl,-Map="STM32F334R8_Program.map" -Wl,--gc-sections -static --specs=nano.specs -mfpu=fpv4-sp-d16 -mfloat-abi=hard -mthumb -Wl,--start-group -lc -lm -Wl,--end-group
Finished building target: STM32F334R8_Program.elf
 
arm-none-eabi-size   STM32F334R8_Program.elf 
arm-none-eabi-objdump -h -S  STM32F334R8_Program.elf  > "STM32F334R8_Program.list"
   text	   data	    bss	    dec	    hex	filename
  22112	    380	   2124	  24616	   6028	STM32F334R8_Program.elf
Finished building: default.size.stdout
 
Finished building: STM32F334R8_Program.list
 
22:41:35 **** Incremental Build of configuration Debug for project STM32F334R8_Program ****
make -j8 all 
arm-none-eabi-size   STM32F334R8_Program.elf 
   text	   data	    bss	    dec	    hex	filename
  22112	    380	   2124	  24616	   6028	STM32F334R8_Program.elf
Finished building: default.size.stdout
 
